0 info it worked if it ends with ok
1 verbose cli [ 'C:\\Program Files\\nodejs\\node.exe',
1 verbose cli   'C:\\Program Files\\nodejs\\node_modules\\npm\\bin\\npm-cli.js',
1 verbose cli   'install',
1 verbose cli   'node_modules/bootstrap' ]
2 info using npm@3.10.8
3 info using node@v6.9.1
4 silly loadCurrentTree Starting
5 silly install loadCurrentTree
6 silly install readLocalPackageData
7 silly fetchPackageMetaData node_modules/bootstrap
8 silly fetchOtherPackageData node_modules/bootstrap
9 silly cache add args [ 'node_modules/bootstrap', null ]
10 verbose cache add spec node_modules/bootstrap
11 silly cache add parsed spec Result {
11 silly cache add   raw: 'node_modules/bootstrap',
11 silly cache add   scope: null,
11 silly cache add   escapedName: null,
11 silly cache add   name: null,
11 silly cache add   rawSpec: 'node_modules/bootstrap',
11 silly cache add   spec: 'github:node_modules/bootstrap',
11 silly cache add   type: 'hosted',
11 silly cache add   hosted:
11 silly cache add    { type: 'github',
11 silly cache add      ssh: 'git@github.com:node_modules/bootstrap.git',
11 silly cache add      sshUrl: 'git+ssh://git@github.com/node_modules/bootstrap.git',
11 silly cache add      httpsUrl: 'git+https://github.com/node_modules/bootstrap.git',
11 silly cache add      gitUrl: 'git://github.com/node_modules/bootstrap.git',
11 silly cache add      shortcut: 'github:node_modules/bootstrap',
11 silly cache add      directUrl: 'https://raw.githubusercontent.com/node_modules/bootstrap/master/package.json' } }
12 verbose addRemoteGit caching node_modules/bootstrap
13 verbose addRemoteGit node_modules/bootstrap is a repository hosted by github
14 silly tryGitProto attempting to clone git://github.com/node_modules/bootstrap.git
15 silly tryClone cloning node_modules/bootstrap via git://github.com/node_modules/bootstrap.git
16 verbose tryClone git-github-com-node-modules-bootstrap-git-1391e0c6 not in flight; caching
17 verbose correctMkdir C:\Users\htudosie\AppData\Roaming\npm-cache\_git-remotes correctMkdir not in flight; initializing
18 info git [ 'clone',
18 info git   '--template=C:\\Users\\htudosie\\AppData\\Roaming\\npm-cache\\_git-remotes\\_templates',
18 info git   '--mirror',
18 info git   'git://github.com/node_modules/bootstrap.git',
18 info git   'C:\\Users\\htudosie\\AppData\\Roaming\\npm-cache\\_git-remotes\\git-github-com-node-modules-bootstrap-git-1391e0c6' ]
19 verbose git clone --template=C:\Users\htudosie\AppData\Roaming\npm-cache\_git-remotes\_templates --mirror git://github.com/node_modules/bootstrap.git C:\Users\htudosie\AppData\Roaming\npm-cache\_git-remotes\git-github-com-node-modules-bootstrap-git-1391e0c6: Cloning into bare repository 'C:\Users\htudosie\AppData\Roaming\npm-cache\_git-remotes\git-github-com-node-modules-bootstrap-git-1391e0c6'...
19 verbose git clone --template=C:\Users\htudosie\AppData\Roaming\npm-cache\_git-remotes\_templates --mirror git://github.com/node_modules/bootstrap.git C:\Users\htudosie\AppData\Roaming\npm-cache\_git-remotes\git-github-com-node-modules-bootstrap-git-1391e0c6: fatal: remote error:
19 verbose git clone --template=C:\Users\htudosie\AppData\Roaming\npm-cache\_git-remotes\_templates --mirror git://github.com/node_modules/bootstrap.git C:\Users\htudosie\AppData\Roaming\npm-cache\_git-remotes\git-github-com-node-modules-bootstrap-git-1391e0c6:   Repository not found.
20 silly tryHTTPS attempting to clone git+https://github.com/node_modules/bootstrap.git
21 silly tryClone cloning node_modules/bootstrap via git+https://github.com/node_modules/bootstrap.git
22 verbose tryClone git-https-github-com-node-modules-bootstrap-git-92c72b74 not in flight; caching
23 verbose correctMkdir C:\Users\htudosie\AppData\Roaming\npm-cache\_git-remotes correctMkdir not in flight; initializing
24 info git [ 'clone',
24 info git   '--template=C:\\Users\\htudosie\\AppData\\Roaming\\npm-cache\\_git-remotes\\_templates',
24 info git   '--mirror',
24 info git   'https://github.com/node_modules/bootstrap.git',
24 info git   'C:\\Users\\htudosie\\AppData\\Roaming\\npm-cache\\_git-remotes\\git-https-github-com-node-modules-bootstrap-git-92c72b74' ]
25 verbose git clone --template=C:\Users\htudosie\AppData\Roaming\npm-cache\_git-remotes\_templates --mirror https://github.com/node_modules/bootstrap.git C:\Users\htudosie\AppData\Roaming\npm-cache\_git-remotes\git-https-github-com-node-modules-bootstrap-git-92c72b74: Cloning into bare repository 'C:\Users\htudosie\AppData\Roaming\npm-cache\_git-remotes\git-https-github-com-node-modules-bootstrap-git-92c72b74'...
25 verbose git clone --template=C:\Users\htudosie\AppData\Roaming\npm-cache\_git-remotes\_templates --mirror https://github.com/node_modules/bootstrap.git C:\Users\htudosie\AppData\Roaming\npm-cache\_git-remotes\git-https-github-com-node-modules-bootstrap-git-92c72b74: Logon failed, use ctrl+c to cancel basic credential prompt.
25 verbose git clone --template=C:\Users\htudosie\AppData\Roaming\npm-cache\_git-remotes\_templates --mirror https://github.com/node_modules/bootstrap.git C:\Users\htudosie\AppData\Roaming\npm-cache\_git-remotes\git-https-github-com-node-modules-bootstrap-git-92c72b74: remote: Invalid username or password.
25 verbose git clone --template=C:\Users\htudosie\AppData\Roaming\npm-cache\_git-remotes\_templates --mirror https://github.com/node_modules/bootstrap.git C:\Users\htudosie\AppData\Roaming\npm-cache\_git-remotes\git-https-github-com-node-modules-bootstrap-git-92c72b74: fatal: Authentication failed for 'https://github.com/node_modules/bootstrap.git/'
26 silly trySSH attempting to clone git@github.com:node_modules/bootstrap.git
27 silly tryClone cloning node_modules/bootstrap via git@github.com:node_modules/bootstrap.git
28 verbose tryClone git-github-com-node-modules-bootstrap-git-fee21516 not in flight; caching
29 verbose correctMkdir C:\Users\htudosie\AppData\Roaming\npm-cache\_git-remotes correctMkdir not in flight; initializing
30 info git [ 'clone',
30 info git   '--template=C:\\Users\\htudosie\\AppData\\Roaming\\npm-cache\\_git-remotes\\_templates',
30 info git   '--mirror',
30 info git   'git@github.com:node_modules/bootstrap.git',
30 info git   'C:\\Users\\htudosie\\AppData\\Roaming\\npm-cache\\_git-remotes\\git-github-com-node-modules-bootstrap-git-fee21516' ]
31 error git clone --template=C:\Users\htudosie\AppData\Roaming\npm-cache\_git-remotes\_templates --mirror git@github.com:node_modules/bootstrap.git C:\Users\htudosie\AppData\Roaming\npm-cache\_git-remotes\git-github-com-node-modules-bootstrap-git-fee21516: Cloning into bare repository 'C:\Users\htudosie\AppData\Roaming\npm-cache\_git-remotes\git-github-com-node-modules-bootstrap-git-fee21516'...
31 error git clone --template=C:\Users\htudosie\AppData\Roaming\npm-cache\_git-remotes\_templates --mirror git@github.com:node_modules/bootstrap.git C:\Users\htudosie\AppData\Roaming\npm-cache\_git-remotes\git-github-com-node-modules-bootstrap-git-fee21516: Host key verification failed.
31 error git clone --template=C:\Users\htudosie\AppData\Roaming\npm-cache\_git-remotes\_templates --mirror git@github.com:node_modules/bootstrap.git C:\Users\htudosie\AppData\Roaming\npm-cache\_git-remotes\git-github-com-node-modules-bootstrap-git-fee21516: fatal: Could not read from remote repository.
31 error git clone --template=C:\Users\htudosie\AppData\Roaming\npm-cache\_git-remotes\_templates --mirror git@github.com:node_modules/bootstrap.git C:\Users\htudosie\AppData\Roaming\npm-cache\_git-remotes\git-github-com-node-modules-bootstrap-git-fee21516:
31 error git clone --template=C:\Users\htudosie\AppData\Roaming\npm-cache\_git-remotes\_templates --mirror git@github.com:node_modules/bootstrap.git C:\Users\htudosie\AppData\Roaming\npm-cache\_git-remotes\git-github-com-node-modules-bootstrap-git-fee21516: Please make sure you have the correct access rights
31 error git clone --template=C:\Users\htudosie\AppData\Roaming\npm-cache\_git-remotes\_templates --mirror git@github.com:node_modules/bootstrap.git C:\Users\htudosie\AppData\Roaming\npm-cache\_git-remotes\git-github-com-node-modules-bootstrap-git-fee21516: and the repository exists.
32 silly fetchPackageMetaData Error: Command failed: git -c core.longpaths=true clone --template=C:\Users\htudosie\AppData\Roaming\npm-cache\_git-remotes\_templates --mirror git@github.com:node_modules/bootstrap.git C:\Users\htudosie\AppData\Roaming\npm-cache\_git-remotes\git-github-com-node-modules-bootstrap-git-fee21516
32 silly fetchPackageMetaData Cloning into bare repository 'C:\Users\htudosie\AppData\Roaming\npm-cache\_git-remotes\git-github-com-node-modules-bootstrap-git-fee21516'...
32 silly fetchPackageMetaData Host key verification failed.
32 silly fetchPackageMetaData fatal: Could not read from remote repository.
32 silly fetchPackageMetaData
32 silly fetchPackageMetaData Please make sure you have the correct access rights
32 silly fetchPackageMetaData and the repository exists.
32 silly fetchPackageMetaData
32 silly fetchPackageMetaData     at ChildProcess.exithandler (child_process.js:206:12)
32 silly fetchPackageMetaData     at emitTwo (events.js:106:13)
32 silly fetchPackageMetaData     at ChildProcess.emit (events.js:191:7)
32 silly fetchPackageMetaData     at maybeClose (internal/child_process.js:877:16)
32 silly fetchPackageMetaData     at Process.ChildProcess._handle.onexit (internal/child_process.js:226:5)
32 silly fetchPackageMetaData  error for node_modules/bootstrap { Error: Command failed: git -c core.longpaths=true clone --template=C:\Users\htudosie\AppData\Roaming\npm-cache\_git-remotes\_templates --mirror git@github.com:node_modules/bootstrap.git C:\Users\htudosie\AppData\Roaming\npm-cache\_git-remotes\git-github-com-node-modules-bootstrap-git-fee21516
32 silly fetchPackageMetaData Cloning into bare repository 'C:\Users\htudosie\AppData\Roaming\npm-cache\_git-remotes\git-github-com-node-modules-bootstrap-git-fee21516'...
32 silly fetchPackageMetaData Host key verification failed.
32 silly fetchPackageMetaData fatal: Could not read from remote repository.
32 silly fetchPackageMetaData
32 silly fetchPackageMetaData Please make sure you have the correct access rights
32 silly fetchPackageMetaData and the repository exists.
32 silly fetchPackageMetaData
32 silly fetchPackageMetaData     at ChildProcess.exithandler (child_process.js:206:12)
32 silly fetchPackageMetaData     at emitTwo (events.js:106:13)
32 silly fetchPackageMetaData     at ChildProcess.emit (events.js:191:7)
32 silly fetchPackageMetaData     at maybeClose (internal/child_process.js:877:16)
32 silly fetchPackageMetaData     at Process.ChildProcess._handle.onexit (internal/child_process.js:226:5)
32 silly fetchPackageMetaData   killed: false,
32 silly fetchPackageMetaData   code: 128,
32 silly fetchPackageMetaData   signal: null,
32 silly fetchPackageMetaData   cmd: 'git -c core.longpaths=true clone --template=C:\\Users\\htudosie\\AppData\\Roaming\\npm-cache\\_git-remotes\\_templates --mirror git@github.com:node_modules/bootstrap.git C:\\Users\\htudosie\\AppData\\Roaming\\npm-cache\\_git-remotes\\git-github-com-node-modules-bootstrap-git-fee21516' }
33 silly rollbackFailedOptional Starting
34 silly rollbackFailedOptional Finishing
35 silly runTopLevelLifecycles Finishing
36 silly install printInstalled
37 verbose stack Error: Command failed: git -c core.longpaths=true clone --template=C:\Users\htudosie\AppData\Roaming\npm-cache\_git-remotes\_templates --mirror git@github.com:node_modules/bootstrap.git C:\Users\htudosie\AppData\Roaming\npm-cache\_git-remotes\git-github-com-node-modules-bootstrap-git-fee21516
37 verbose stack Cloning into bare repository 'C:\Users\htudosie\AppData\Roaming\npm-cache\_git-remotes\git-github-com-node-modules-bootstrap-git-fee21516'...
37 verbose stack Host key verification failed.
37 verbose stack fatal: Could not read from remote repository.
37 verbose stack
37 verbose stack Please make sure you have the correct access rights
37 verbose stack and the repository exists.
37 verbose stack
37 verbose stack     at ChildProcess.exithandler (child_process.js:206:12)
37 verbose stack     at emitTwo (events.js:106:13)
37 verbose stack     at ChildProcess.emit (events.js:191:7)
37 verbose stack     at maybeClose (internal/child_process.js:877:16)
37 verbose stack     at Process.ChildProcess._handle.onexit (internal/child_process.js:226:5)
38 verbose cwd D:\F\GitHub\ViewerWCAG\WASG-Viewer-Fancy
39 error Windows_NT 6.1.7601
40 error argv "C:\\Program Files\\nodejs\\node.exe" "C:\\Program Files\\nodejs\\node_modules\\npm\\bin\\npm-cli.js" "install" "node_modules/bootstrap"
41 error node v6.9.1
42 error npm  v3.10.8
43 error code 128
44 error Command failed: git -c core.longpaths=true clone --template=C:\Users\htudosie\AppData\Roaming\npm-cache\_git-remotes\_templates --mirror git@github.com:node_modules/bootstrap.git C:\Users\htudosie\AppData\Roaming\npm-cache\_git-remotes\git-github-com-node-modules-bootstrap-git-fee21516
44 error Cloning into bare repository 'C:\Users\htudosie\AppData\Roaming\npm-cache\_git-remotes\git-github-com-node-modules-bootstrap-git-fee21516'...
44 error Host key verification failed.
44 error fatal: Could not read from remote repository.
44 error
44 error Please make sure you have the correct access rights
44 error and the repository exists.
45 error If you need help, you may report this error at:
45 error     <https://github.com/npm/npm/issues>
46 verbose exit [ 1, true ]
